This is pdfTeX, Version 3.141592653-2.6-1.40.26 (TeX Live 2024) (preloaded format=pdflatex 2024.11.23)  13 JAN 2025 22:08
entering extended mode
 restricted \write18 enabled.
 file:line:error style messages enabled.
 %&-line parsing enabled.
**"/home/ked1108/Documents/Sem 6/BCSE309/Lab/Lab1/doc/22BCE1765_lab1.tex"
(/home/ked1108/Documents/Sem 6/BCSE309/Lab/Lab1/doc/22BCE1765_lab1.tex
LaTeX2e <2024-11-01>
L3 programming layer <2024-11-02>
(/usr/local/texlive/2024/texmf-dist/tex/latex/base/article.cls
Document Class: article 2024/06/29 v1.4n Standard LaTeX document class
(/usr/local/texlive/2024/texmf-dist/tex/latex/base/size10.clo
File: size10.clo 2024/06/29 v1.4n Standard LaTeX file (size option)
)
\c@part=\count196
\c@section=\count197
\c@subsection=\count198
\c@subsubsection=\count199
\c@paragraph=\count266
\c@subparagraph=\count267
\c@figure=\count268
\c@table=\count269
\abovecaptionskip=\skip49
\belowcaptionskip=\skip50
\bibindent=\dimen141
) (/usr/local/texlive/2024/texmf-dist/tex/latex/amsmath/amsmath.sty
Package: amsmath 2024/11/05 v2.17t AMS math features
\@mathmargin=\skip51

For additional information on amsmath, use the `?' option.
(/usr/local/texlive/2024/texmf-dist/tex/latex/amsmath/amstext.sty
Package: amstext 2021/08/26 v2.01 AMS text
 (/usr/local/texlive/2024/texmf-dist/tex/latex/amsmath/amsgen.sty
File: amsgen.sty 1999/11/30 v2.0 generic functions
\@emptytoks=\toks17
\ex@=\dimen142
)) (/usr/local/texlive/2024/texmf-dist/tex/latex/amsmath/amsbsy.sty
Package: amsbsy 1999/11/29 v1.2d Bold Symbols
\pmbraise@=\dimen143
) (/usr/local/texlive/2024/texmf-dist/tex/latex/amsmath/amsopn.sty
Package: amsopn 2022/04/08 v2.04 operator names
)
\inf@bad=\count270
LaTeX Info: Redefining \frac on input line 233.
\uproot@=\count271
\leftroot@=\count272
LaTeX Info: Redefining \overline on input line 398.
LaTeX Info: Redefining \colon on input line 409.
\classnum@=\count273
\DOTSCASE@=\count274
LaTeX Info: Redefining \ldots on input line 495.
LaTeX Info: Redefining \dots on input line 498.
LaTeX Info: Redefining \cdots on input line 619.
\Mathstrutbox@=\box52
\strutbox@=\box53
LaTeX Info: Redefining \big on input line 721.
LaTeX Info: Redefining \Big on input line 722.
LaTeX Info: Redefining \bigg on input line 723.
LaTeX Info: Redefining \Bigg on input line 724.
\big@size=\dimen144
LaTeX Font Info:    Redeclaring font encoding OML on input line 742.
LaTeX Font Info:    Redeclaring font encoding OMS on input line 743.
\macc@depth=\count275
LaTeX Info: Redefining \bmod on input line 904.
LaTeX Info: Redefining \pmod on input line 909.
LaTeX Info: Redefining \smash on input line 939.
LaTeX Info: Redefining \relbar on input line 969.
LaTeX Info: Redefining \Relbar on input line 970.
\c@MaxMatrixCols=\count276
\dotsspace@=\muskip17
\c@parentequation=\count277
\dspbrk@lvl=\count278
\tag@help=\toks18
\row@=\count279
\column@=\count280
\maxfields@=\count281
\andhelp@=\toks19
\eqnshift@=\dimen145
\alignsep@=\dimen146
\tagshift@=\dimen147
\tagwidth@=\dimen148
\totwidth@=\dimen149
\lineht@=\dimen150
\@envbody=\toks20
\multlinegap=\skip52
\multlinetaggap=\skip53
\mathdisplay@stack=\toks21
LaTeX Info: Redefining \[ on input line 2953.
LaTeX Info: Redefining \] on input line 2954.
) (/usr/local/texlive/2024/texmf-dist/tex/latex/algorithms/algorithm.sty
Package: algorithm 2009/08/24 v0.1 Document Style `algorithm' - floating environment
 (/usr/local/texlive/2024/texmf-dist/tex/latex/float/float.sty
Package: float 2001/11/08 v1.3d Float enhancements (AL)
\c@float@type=\count282
\float@exts=\toks22
\float@box=\box54
\@float@everytoks=\toks23
\@floatcapt=\box55
) (/usr/local/texlive/2024/texmf-dist/tex/latex/base/ifthen.sty
Package: ifthen 2024/03/16 v1.1e Standard LaTeX ifthen package (DPC)
)
\@float@every@algorithm=\toks24
\c@algorithm=\count283
) (/usr/local/texlive/2024/texmf-dist/tex/latex/algorithmicx/algpseudocode.sty
Package: algpseudocode 
 (/usr/local/texlive/2024/texmf-dist/tex/latex/algorithmicx/algorithmicx.sty
Package: algorithmicx 2005/04/27 v1.2 Algorithmicx

Document Style algorithmicx 1.2 - a greatly improved `algorithmic' style
\c@ALG@line=\count284
\c@ALG@rem=\count285
\c@ALG@nested=\count286
\ALG@tlm=\skip54
\ALG@thistlm=\skip55
\c@ALG@Lnr=\count287
\c@ALG@blocknr=\count288
\c@ALG@storecount=\count289
\c@ALG@tmpcounter=\count290
\ALG@tmplength=\skip56
)
Document Style - pseudocode environments for use with the `algorithmicx' style
) (/usr/local/texlive/2024/texmf-dist/tex/latex/listings/listings.sty (/usr/local/texlive/2024/texmf-dist/tex/latex/graphics/keyval.sty
Package: keyval 2022/05/29 v1.15 key=value parser (DPC)
\KV@toks@=\toks25
)
\lst@mode=\count291
\lst@gtempboxa=\box56
\lst@token=\toks26
\lst@length=\count292
\lst@currlwidth=\dimen151
\lst@column=\count293
\lst@pos=\count294
\lst@lostspace=\dimen152
\lst@width=\dimen153
\lst@newlines=\count295
\lst@lineno=\count296
\lst@maxwidth=\dimen154
 (/usr/local/texlive/2024/texmf-dist/tex/latex/listings/lstpatch.sty
File: lstpatch.sty 2024/09/23 1.10c (Carsten Heinz)
) (/usr/local/texlive/2024/texmf-dist/tex/latex/listings/lstmisc.sty
File: lstmisc.sty 2024/09/23 1.10c (Carsten Heinz)
\c@lstnumber=\count297
\lst@skipnumbers=\count298
\lst@framebox=\box57
) (/usr/local/texlive/2024/texmf-dist/tex/latex/listings/listings.cfg
File: listings.cfg 2024/09/23 1.10c listings configuration
))
Package: listings 2024/09/23 1.10c (Carsten Heinz)
 (/usr/local/texlive/2024/texmf-dist/tex/latex/tools/enumerate.sty
Package: enumerate 2023/07/04 v3.00 enumerate extensions (DPC)
\@enLab=\toks27
) (/usr/local/texlive/2024/texmf-dist/tex/latex/graphics/graphicx.sty
Package: graphicx 2021/09/16 v1.2d Enhanced LaTeX Graphics (DPC,SPQR)
 (/usr/local/texlive/2024/texmf-dist/tex/latex/graphics/graphics.sty
Package: graphics 2024/08/06 v1.4g Standard LaTeX Graphics (DPC,SPQR)
 (/usr/local/texlive/2024/texmf-dist/tex/latex/graphics/trig.sty
Package: trig 2023/12/02 v1.11 sin cos tan (DPC)
) (/usr/local/texlive/2024/texmf-dist/tex/latex/graphics-cfg/graphics.cfg
File: graphics.cfg 2016/06/04 v1.11 sample graphics configuration
)
Package graphics Info: Driver file: pdftex.def on input line 106.
 (/usr/local/texlive/2024/texmf-dist/tex/latex/graphics-def/pdftex.def
File: pdftex.def 2024/04/13 v1.2c Graphics/color driver for pdftex
))
\Gin@req@height=\dimen155
\Gin@req@width=\dimen156
) (/usr/local/texlive/2024/texmf-dist/tex/latex/xcolor/xcolor.sty
Package: xcolor 2024/09/29 v3.02 LaTeX color extensions (UK)
 (/usr/local/texlive/2024/texmf-dist/tex/latex/graphics-cfg/color.cfg
File: color.cfg 2016/01/02 v1.6 sample color configuration
)
Package xcolor Info: Driver file: pdftex.def on input line 274.
 (/usr/local/texlive/2024/texmf-dist/tex/latex/graphics/mathcolor.ltx)
Package xcolor Info: Model `cmy' substituted by `cmy0' on input line 1349.
Package xcolor Info: Model `hsb' substituted by `rgb' on input line 1353.
Package xcolor Info: Model `RGB' extended on input line 1365.
Package xcolor Info: Model `HTML' substituted by `rgb' on input line 1367.
Package xcolor Info: Model `Hsb' substituted by `hsb' on input line 1368.
Package xcolor Info: Model `tHsb' substituted by `hsb' on input line 1369.
Package xcolor Info: Model `HSB' substituted by `hsb' on input line 1370.
Package xcolor Info: Model `Gray' substituted by `gray' on input line 1371.
Package xcolor Info: Model `wave' substituted by `hsb' on input line 1372.
) (/usr/local/texlive/2024/texmf-dist/tex/latex/fancyhdr/fancyhdr.sty
Package: fancyhdr 2024/11/20 v4.4 Extensive control of page headers and footers
\f@nch@headwidth=\skip57
\f@nch@O@elh=\skip58
\f@nch@O@erh=\skip59
\f@nch@O@olh=\skip60
\f@nch@O@orh=\skip61
\f@nch@O@elf=\skip62
\f@nch@O@erf=\skip63
\f@nch@O@olf=\skip64
\f@nch@O@orf=\skip65
) (/usr/local/texlive/2024/texmf-dist/tex/latex/listings/lstlang1.sty
File: lstlang1.sty 2024/09/23 1.10c listings language file
) (/usr/local/texlive/2024/texmf-dist/tex/latex/listings/lstlang1.sty
File: lstlang1.sty 2024/09/23 1.10c listings language file
) (/usr/local/texlive/2024/texmf-dist/tex/latex/listings/lstmisc.sty
File: lstmisc.sty 2024/09/23 1.10c (Carsten Heinz)
) (/usr/local/texlive/2024/texmf-dist/tex/latex/l3backend/l3backend-pdftex.def
File: l3backend-pdftex.def 2024-05-08 L3 backend support: PDF output (pdfTeX)
\l__color_backend_stack_int=\count299
\l__pdf_internal_box=\box58
) (./22BCE1765_lab1.aux)
\openout1 = `22BCE1765_lab1.aux'.

LaTeX Font Info:    Checking defaults for OML/cmm/m/it on input line 31.
LaTeX Font Info:    ... okay on input line 31.
LaTeX Font Info:    Checking defaults for OMS/cmsy/m/n on input line 31.
LaTeX Font Info:    ... okay on input line 31.
LaTeX Font Info:    Checking defaults for OT1/cmr/m/n on input line 31.
LaTeX Font Info:    ... okay on input line 31.
LaTeX Font Info:    Checking defaults for T1/cmr/m/n on input line 31.
LaTeX Font Info:    ... okay on input line 31.
LaTeX Font Info:    Checking defaults for TS1/cmr/m/n on input line 31.
LaTeX Font Info:    ... okay on input line 31.
LaTeX Font Info:    Checking defaults for OMX/cmex/m/n on input line 31.
LaTeX Font Info:    ... okay on input line 31.
LaTeX Font Info:    Checking defaults for U/cmr/m/n on input line 31.
LaTeX Font Info:    ... okay on input line 31.
\c@lstlisting=\count300
 (/usr/local/texlive/2024/texmf-dist/tex/context/base/mkii/supp-pdf.mkii
[Loading MPS to PDF converter (version 2006.09.02).]
\scratchcounter=\count301
\scratchdimen=\dimen157
\scratchbox=\box59
\nofMPsegments=\count302
\nofMParguments=\count303
\everyMPshowfont=\toks28
\MPscratchCnt=\count304
\MPscratchDim=\dimen158
\MPnumerator=\count305
\makeMPintoPDFobject=\count306
\everyMPtoPDFconversion=\toks29
) (/usr/local/texlive/2024/texmf-dist/tex/latex/epstopdf-pkg/epstopdf-base.sty
Package: epstopdf-base 2020-01-24 v2.11 Base part for package epstopdf
Package epstopdf-base Info: Redefining graphics rule for `.eps' on input line 485.
 (/usr/local/texlive/2024/texmf-dist/tex/latex/latexconfig/epstopdf-sys.cfg
File: epstopdf-sys.cfg 2010/07/13 v1.3 Configuration of (r)epstopdf for TeX Live
))

Package fancyhdr Warning: \fancyhead's `E' option without twoside option is useless.
(fancyhdr)                Please consider using the `twoside' option on input line 34.


Package fancyhdr Warning: \fancyhead's `E' option without twoside option is useless.
(fancyhdr)                Please consider using the `twoside' option on input line 35.


Package fancyhdr Warning: \fancyfoot's `E' option without twoside option is useless.
(fancyhdr)                Please consider using the `twoside' option on input line 37.


Package fancyhdr Warning: \fancyfoot's `E' option without twoside option is useless.
(fancyhdr)                Please consider using the `twoside' option on input line 38.



[1

{/usr/local/texlive/2024/texmf-var/fonts/map/pdftex/updmap/pdftex.map}]

[1{/usr/local/texlive/2024/texmf-dist/fonts/enc/dvips/cm-super/cm-super-ts1.enc}]
Overfull \hbox (15.00598pt too wide) in paragraph at lines 92--93
[]\OT1/cmr/m/n/10 Calculate re-main-ing char-ac-ters: $[] = []  []  []$ 
 []



[2]

[3]
Overfull \hbox (0.21405pt too wide) in paragraph at lines 216--217
[]\OT1/cmr/m/n/10 Same row: $\OML/cmm/m/it/10 E\OT1/cmr/m/n/10 (\OML/cmm/m/it/10 a\OT1/cmr/m/n/10 ) = \OML/cmm/m/it/10 M\OT1/cmr/m/n/10 [\OML/cmm/m/it/10 row[]\OT1/cmr/m/n/10 ][(\OML/cmm/m/it/10 col[] \OT1/cmr/m/n/10 + 1)  []  5]$, $\OML/cmm/m/it/10 E\OT1/cmr/m/n/10 (\OML/cmm/m/it/10 b\OT1/cmr/m/n/10 ) = \OML/cmm/m/it/10 M\OT1/cmr/m/n/10 [\OML/cmm/m/it/10 row[]\OT1/cmr/m/n/10 ][(\OML/cmm/m/it/10 col[] \OT1/cmr/m/n/10 +
 []


Overfull \hbox (1.41132pt too wide) in paragraph at lines 230--231
[]\OT1/cmr/m/n/10 Same row: $\OML/cmm/m/it/10 D\OT1/cmr/m/n/10 (\OML/cmm/m/it/10 a\OT1/cmr/m/n/10 ) = \OML/cmm/m/it/10 M\OT1/cmr/m/n/10 [\OML/cmm/m/it/10 row[]\OT1/cmr/m/n/10 ][(\OML/cmm/m/it/10 col[] \OMS/cmsy/m/n/10 ^^@ \OT1/cmr/m/n/10 1)  []  5]$, $\OML/cmm/m/it/10 D\OT1/cmr/m/n/10 (\OML/cmm/m/it/10 b\OT1/cmr/m/n/10 ) = \OML/cmm/m/it/10 M\OT1/cmr/m/n/10 [\OML/cmm/m/it/10 row[]\OT1/cmr/m/n/10 ][(\OML/cmm/m/it/10 col[] \OMS/cmsy/m/n/10 ^^@
 []



[4]

[5]

[6]

[7]

[8]

[9]

[10]

[11]

[12]

[13]

[14]

[15]

[16]

[17]

[18]
<./images/caesar.png, id=78, 935.495pt x 1132.23pt>
File: ./images/caesar.png Graphic file (type png)
<use ./images/caesar.png>
Package pdftex.def Info: ./images/caesar.png  used on input line 867.
(pdftex.def)             Requested size: 374.19136pt x 452.88397pt.

Overfull \hbox (29.19136pt too wide) in paragraph at lines 867--868
[] 
 []



[19]
<./images/vigenere.png, id=82, 940.51375pt x 1129.21875pt>
File: ./images/vigenere.png Graphic file (type png)
<use ./images/vigenere.png>
Package pdftex.def Info: ./images/vigenere.png  used on input line 870.
(pdftex.def)             Requested size: 376.19884pt x 451.6795pt.

Overfull \hbox (31.19884pt too wide) in paragraph at lines 870--871
[] 
 []



[20 <./images/caesar.png (PNG copy)>]
<./images/vernam.png, id=86, 941.5175pt x 1118.1775pt>
File: ./images/vernam.png Graphic file (type png)
<use ./images/vernam.png>
Package pdftex.def Info: ./images/vernam.png  used on input line 873.
(pdftex.def)             Requested size: 376.60033pt x 447.26308pt.

Overfull \hbox (31.60033pt too wide) in paragraph at lines 873--874
[] 
 []



[21 <./images/vigenere.png (PNG copy)>]
<./images/playfair.png, id=90, 940.51375pt x 1127.21124pt>
File: ./images/playfair.png Graphic file (type png)
<use ./images/playfair.png>
Package pdftex.def Info: ./images/playfair.png  used on input line 876.
(pdftex.def)             Requested size: 376.19884pt x 450.87651pt.

Overfull \hbox (31.19884pt too wide) in paragraph at lines 876--877
[] 
 []



[22 <./images/vernam.png (PNG copy)>]
<./images/hill.png, id=94, 932.48375pt x 1127.21124pt>
File: ./images/hill.png Graphic file (type png)
<use ./images/hill.png>
Package pdftex.def Info: ./images/hill.png  used on input line 879.
(pdftex.def)             Requested size: 372.9869pt x 450.87651pt.

Overfull \hbox (27.9869pt too wide) in paragraph at lines 879--880
[] 
 []



[23 <./images/playfair.png (PNG copy)>]
<./images/columnar_transposition.png, id=98, 939.51pt x 1126.2075pt>
File: ./images/columnar_transposition.png Graphic file (type png)
<use ./images/columnar_transposition.png>
Package pdftex.def Info: ./images/columnar_transposition.png  used on input line 882.
(pdftex.def)             Requested size: 375.79733pt x 450.47502pt.

Overfull \hbox (30.79733pt too wide) in paragraph at lines 882--883
[] 
 []



[24 <./images/hill.png (PNG copy)>]

[25 <./images/columnar_transposition.png (PNG copy)>] (./22BCE1765_lab1.aux)
 ***********
LaTeX2e <2024-11-01>
L3 programming layer <2024-11-02>
 ***********
 ) 
Here is how much of TeX's memory you used:
 5540 strings out of 473362
 80905 string characters out of 5720989
 974697 words of memory out of 5000000
 28608 multiletter control sequences out of 15000+600000
 564728 words of font info for 60 fonts, out of 8000000 for 9000
 1141 hyphenation exceptions out of 8191
 57i,12n,65p,334b,1794s stack positions out of 10000i,1000n,20000p,200000b,200000s
</usr/local/texlive/2024/texmf-dist/fonts/type1/public/amsfonts/cm/cmbx10.pfb></usr/local/texlive/2024/texmf-dist/fonts/type1/public/amsfonts/cm/cmbx12.pfb></usr/local/texlive/2024/texmf-dist/fonts/type1/public/amsfonts/cm/cmex10.pfb></usr/local/texlive/2024/texmf-dist/fonts/type1/public/amsfonts/cm/cmmi10.pfb></usr/local/texlive/2024/texmf-dist/fonts/type1/public/amsfonts/cm/cmmi7.pfb></usr/local/texlive/2024/texmf-dist/fonts/type1/public/amsfonts/cm/cmr10.pfb></usr/local/texlive/2024/texmf-dist/fonts/type1/public/amsfonts/cm/cmr12.pfb></usr/local/texlive/2024/texmf-dist/fonts/type1/public/amsfonts/cm/cmr17.pfb></usr/local/texlive/2024/texmf-dist/fonts/type1/public/amsfonts/cm/cmr5.pfb></usr/local/texlive/2024/texmf-dist/fonts/type1/public/amsfonts/cm/cmr7.pfb></usr/local/texlive/2024/texmf-dist/fonts/type1/public/amsfonts/cm/cmsy10.pfb></usr/local/texlive/2024/texmf-dist/fonts/type1/public/amsfonts/cm/cmsy7.pfb></usr/local/texlive/2024/texmf-dist/fonts/type1/public/amsfonts/cm/cmtt10.pfb></usr/local/texlive/2024/texmf-dist/fonts/type1/public/amsfonts/cm/cmtt9.pfb></usr/local/texlive/2024/texmf-dist/fonts/type1/public/cm-super/sfrm1000.pfb>
Output written on 22BCE1765_lab1.pdf (26 pages, 3108093 bytes).
PDF statistics:
 171 PDF objects out of 1000 (max. 8388607)
 105 compressed objects within 2 object streams
 0 named destinations out of 1000 (max. 500000)
 31 words of extra memory for PDF output out of 10000 (max. 10000000)

